[Fri, 14 Jul 2023 17:24:02 GMT] RES "PATCH /api/participants HTTP/1.1" - - - 400 - 35 bytes in 5.995 ms
[Fri, 14 Jul 2023 17:24:02 GMT] RES "PATCH /api/participants HTTP/1.1" - - - 400 - 35 bytes in 0.478 ms
[Fri, 14 Jul 2023 17:24:02 GMT] RES "PATCH /api/participants HTTP/1.1" - - - 400 - 46 bytes in 72.210 ms
[Fri, 14 Jul 2023 17:24:02 GMT] RES "PATCH /api/participants HTTP/1.1" - - - 200 - 113 bytes in 7.190 ms
[Fri, 14 Jul 2023 17:24:02 GMT] RES "POST /api/specs HTTP/1.1" - - - 400 - 34 bytes in 30.050 ms
[Fri, 14 Jul 2023 17:24:02 GMT] RES "POST /api/specs HTTP/1.1" - - - 201 - 800 bytes in 20.325 ms
[Fri, 14 Jul 2023 17:24:03 GMT] RES "POST /api/contracts HTTP/1.1" - - - 400 - 38 bytes in 15.654 ms
[Fri, 14 Jul 2023 17:24:03 GMT] RES "POST /api/contracts HTTP/1.1" - - - 409 - 74 bytes in 12.475 ms
[Fri, 14 Jul 2023 17:24:03 GMT] RES "POST /api/contracts HTTP/1.1" - - - 201 - 840 bytes in 10.435 ms
[Fri, 14 Jul 2023 17:24:03 GMT] RES "POST /api/webhooks HTTP/1.1" - - - 400 - 59 bytes in 17.680 ms
[Fri, 14 Jul 2023 17:24:03 GMT] RES "POST /api/webhooks HTTP/1.1" - - - 400 - 32 bytes in 0.514 ms
[Fri, 14 Jul 2023 17:24:03 GMT] RES "POST /api/environments HTTP/1.1" - - - 400 - 71 bytes in 0.734 ms
[Fri, 14 Jul 2023 17:24:03 GMT] RES "POST /api/environments HTTP/1.1" - - - 201 - 80 bytes in 2.779 ms
[Fri, 14 Jul 2023 17:25:40 GMT] RES "PATCH /api/participants HTTP/1.1" - - - 400 - 35 bytes in 4.878 ms
[Fri, 14 Jul 2023 17:25:40 GMT] RES "PATCH /api/participants HTTP/1.1" - - - 400 - 35 bytes in 0.523 ms
[Fri, 14 Jul 2023 17:25:40 GMT] RES "PATCH /api/participants HTTP/1.1" - - - 400 - 46 bytes in 58.085 ms
[Fri, 14 Jul 2023 17:25:40 GMT] RES "PATCH /api/participants HTTP/1.1" - - - 200 - 113 bytes in 7.096 ms
[Fri, 14 Jul 2023 17:25:40 GMT] RES "PATCH /api/participants HTTP/1.1" - - - 200 - 113 bytes in 3.395 ms
[Fri, 14 Jul 2023 17:25:40 GMT] RES "PATCH /api/participants HTTP/1.1" - - - 200 - 114 bytes in 3.175 ms
[Fri, 14 Jul 2023 17:25:41 GMT] RES "POST /api/specs HTTP/1.1" - - - 400 - 34 bytes in 34.970 ms
[Fri, 14 Jul 2023 17:25:41 GMT] RES "POST /api/specs HTTP/1.1" - - - 201 - 800 bytes in 23.094 ms
[Fri, 14 Jul 2023 17:25:41 GMT] RES "POST /api/contracts HTTP/1.1" - - - 400 - 38 bytes in 16.181 ms
[Fri, 14 Jul 2023 17:25:41 GMT] RES "POST /api/contracts HTTP/1.1" - - - 409 - 74 bytes in 13.553 ms
[Fri, 14 Jul 2023 17:25:41 GMT] RES "POST /api/contracts HTTP/1.1" - - - 201 - 840 bytes in 11.415 ms
[Fri, 14 Jul 2023 17:25:41 GMT] RES "POST /api/webhooks HTTP/1.1" - - - 400 - 59 bytes in 25.009 ms
[Fri, 14 Jul 2023 17:25:41 GMT] RES "POST /api/webhooks HTTP/1.1" - - - 400 - 32 bytes in 0.502 ms
[Fri, 14 Jul 2023 17:25:42 GMT] RES "POST /api/environments HTTP/1.1" - - - 400 - 71 bytes in 0.806 ms
[Fri, 14 Jul 2023 17:25:42 GMT] RES "POST /api/environments HTTP/1.1" - - - 201 - 80 bytes in 2.770 ms
